#
# A fatal error has been detected by the Java Runtime Environment:
#
#  EXCEPTION_STACK_OVERFLOW (0xc00000fd) at pc=0x000000006025ffb7, pid=11204, tid=15140
#
# JRE version: Java(TM) SE Runtime Environment (8.0_45-b14) (build 1.8.0_45-b14)
# Java VM: Java HotSpot(TM) 64-Bit Server VM (25.45-b02 mixed mode windows-amd64 compressed oops)
# Problematic frame:
# V  [jvm.dll+0x20ffb7]
#
# Failed to write core dump. Minidumps are not enabled by default on client versions of Windows
#
# If you would like to submit a bug report, please visit:
#   http://bugreport.java.com/bugreport/crash.jsp
#

---------------  T H R E A D  ---------------

Current thread (0x0000000057d20800):  JavaThread "metrics-meter-tick-thread-2" daemon [_thread_in_vm, id=15140, stack(0x000000005bc10000,0x000000005bd10000)]

siginfo: ExceptionCode=0xc00000fd, ExceptionInformation=0x0000000000000001 0x000000005bd0b500 

Registers:
RAX=0x000000005bd0b500, RBX=0x0000000000000005, RCX=0x0000000000004000, RDX=0x0000000000000006
RSP=0x000000005bd0f500, RBP=0x0000000000000000, RSI=0x000000005bd0f500, RDI=0x0000000000000005
R8 =0x0000000000000006, R9 =0x0000000058b41f50, R10=0x00000000546dde40, R11=0x000000005bc1a148
R12=0x0000000058b41f50, R13=0x0000000057d20800, R14=0x000000005bd0f5c8, R15=0x00000000546dde40
RIP=0x000000006025ffb7, EFLAGS=0x0000000000010206

Top of Stack: (sp=0x000000005bd0f500)
0x000000005bd0f500:   0000000000000002 0000000000000078
0x000000005bd0f510:   0000000057d20800 0000000058b41f50
0x000000005bd0f520:   00000000ffffffff 0000000060260ee7
0x000000005bd0f530:   000000005bd0f630 00000000546dde40
0x000000005bd0f540:   0000000057d20800 000000006010ea13
0x000000005bd0f550:   000000005bd0f590 0000000057d20800
0x000000005bd0f560:   000000005bd0f620 0000000057d20800
0x000000005bd0f570:   00000000546dde40 0000000057d20800
0x000000005bd0f580:   00000000027769e0 0000000057d20800
0x000000005bd0f590:   00000000546dde40 0000000057d20800
0x000000005bd0f5a0:   00000000546dde40 0000000057d20800
0x000000005bd0f5b0:   0000000000000001 00000000546dde40
0x000000005bd0f5c0:   0000000057d20800 0000000059555550
0x000000005bd0f5d0:   0000000057d20800 000000006010fefd
0x000000005bd0f5e0:   000000005bd0f8e8 00000000146b69a0
0x000000005bd0f5f0:   00000000146b69a0 000000006020d633 

Instructions: (pc=0x000000006025ffb7)
0x000000006025ff97:   48 89 6c 24 30 33 ed 66 90 e8 4b 35 08 00 ff c3
0x000000006025ffa7:   48 63 c8 48 8b c6 48 0f af cf 48 ff c7 48 2b c1
0x000000006025ffb7:   89 28 48 63 c3 48 3b 05 4d 66 58 00 7e db 48 8b
0x000000006025ffc7:   6c 24 30 48 8b 5c 24 38 48 8b 74 24 40 48 83 c4 


Register to memory mapping:

RAX=0x000000005bd0b500 is pointing into the stack for thread: 0x0000000057d20800
RBX=0x0000000000000005 is an unknown value
RCX=0x0000000000004000 is an unknown value
RDX=0x0000000000000006 is an unknown value
RSP=0x000000005bd0f500 is pointing into the stack for thread: 0x0000000057d20800
RBP=0x0000000000000000 is an unknown value
RSI=0x000000005bd0f500 is pointing into the stack for thread: 0x0000000057d20800
RDI=0x0000000000000005 is an unknown value
R8 =0x0000000000000006 is an unknown value
R9 =0x0000000058b41f50 is an unknown value
R10={method} {0x00000000546dde48} 'run' '()V' in 'java/lang/Thread'
R11=0x000000005bc1a148 is pointing into the stack for thread: 0x0000000057d20800
R12=0x0000000058b41f50 is an unknown value
R13=0x0000000057d20800 is a thread
R14=0x000000005bd0f5c8 is pointing into the stack for thread: 0x0000000057d20800
R15={method} {0x00000000546dde48} 'run' '()V' in 'java/lang/Thread'


Stack: [0x000000005bc10000,0x000000005bd10000],  sp=0x000000005bd0f500,  free space=1021k
Native frames: (J=compiled Java code, j=interpreted, Vv=VM code, C=native code)


---------------  P R O C E S S  ---------------

Java Threads: ( => current thread )
=>0x0000000057d20800 JavaThread "metrics-meter-tick-thread-2" daemon [_thread_in_vm, id=15140, stack(0x000000005bc10000,0x000000005bd10000)]
  0x0000000057d1f800 JavaThread "metrics-meter-tick-thread-1" daemon [_thread_blocked, id=15584, stack(0x000000005cdc0000,0x000000005cec0000)]
  0x0000000058ae2000 JavaThread "pool-1-thread-1" [_thread_in_Java, id=15964, stack(0x000000005bec0000,0x000000005bfc0000)]
  0x0000000057e5e800 JavaThread "Druid-ConnectionPool-Destroy-1872047468" daemon [_thread_blocked, id=15972, stack(0x0000000059390000,0x0000000059490000)]
  0x0000000057fc2000 JavaThread "Druid-ConnectionPool-Create-1872047468" daemon [_thread_blocked, id=14132, stack(0x000000005bd90000,0x000000005be90000)]
  0x0000000058a89800 JavaThread "Druid-ConnectionPool-Destroy-905488851" daemon [_thread_blocked, id=13940, stack(0x000000005bb10000,0x000000005bc10000)]
  0x0000000059558000 JavaThread "Druid-ConnectionPool-Create-905488851" daemon [_thread_blocked, id=15948, stack(0x000000005b940000,0x000000005ba40000)]
  0x000000005669c800 JavaThread "Abandoned connection cleanup thread" daemon [_thread_blocked, id=10440, stack(0x000000005aeb0000,0x000000005afb0000)]
  0x0000000057e3f000 JavaThread "MultiThreadedHttpConnectionManager cleanup" daemon [_thread_blocked, id=15448, stack(0x000000005afb0000,0x000000005b0b0000)]
  0x00000000564bb800 JavaThread "Service Thread" daemon [_thread_blocked, id=15420, stack(0x00000000575a0000,0x00000000576a0000)]
  0x0000000056426000 JavaThread "C1 CompilerThread2" daemon [_thread_in_vm, id=16336, stack(0x0000000057270000,0x0000000057370000)]
  0x0000000056422800 JavaThread "C2 CompilerThread1" daemon [_thread_in_native, id=13856, stack(0x0000000057370000,0x0000000057470000)]
  0x0000000056429800 JavaThread "C2 CompilerThread0" daemon [_thread_in_native, id=16380, stack(0x0000000057040000,0x0000000057140000)]
  0x0000000056410000 JavaThread "JDWP Command Reader" daemon [_thread_in_native, id=15804, stack(0x0000000057150000,0x0000000057250000)]
  0x000000005640d000 JavaThread "JDWP Event Helper Thread" daemon [_thread_blocked, id=14496, stack(0x0000000056f20000,0x0000000057020000)]
  0x00000000550ad800 JavaThread "JDWP Transport Listener: dt_socket" daemon [_thread_blocked, id=15324, stack(0x0000000056d50000,0x0000000056e50000)]
  0x00000000563f4800 JavaThread "Attach Listener" daemon [_thread_blocked, id=15476, stack(0x0000000056b50000,0x0000000056c50000)]
  0x00000000550a3800 JavaThread "Signal Dispatcher" daemon [_thread_blocked, id=13244, stack(0x0000000056960000,0x0000000056a60000)]
  0x000000005504d000 JavaThread "Finalizer" daemon [_thread_blocked, id=14756, stack(0x00000000562e0000,0x00000000563e0000)]
  0x0000000055045800 JavaThread "Reference Handler" daemon [_thread_blocked, id=16292, stack(0x0000000056180000,0x0000000056280000)]
  0x000000000230a800 JavaThread "main" [_thread_in_native, id=15808, stack(0x0000000002660000,0x0000000002760000)]

Other Threads:
  0x000000005503e000 VMThread [stack: 0x0000000055fb0000,0x00000000560b0000] [id=14508]
  0x00000000564be000 WatcherThread [stack: 0x0000000057760000,0x0000000057860000] [id=15432]

VM state:not at safepoint (normal execution)

VM Mutex/Monitor currently owned by a thread:  ([mutex/lock_event])
[0x0000000002309080] CompiledIC_lock - owner thread: 0x0000000000000000

Heap:
 PSYoungGen      total 67584K, used 3870K [0x00000000eb600000, 0x00000000f0000000, 0x0000000100000000)
  eden space 61440K, 6% used [0x00000000eb600000,0x00000000eb9c7a20,0x00000000ef200000)
  from space 6144K, 0% used [0x00000000efa00000,0x00000000efa00000,0x00000000f0000000)
  to   space 7168K, 0% used [0x00000000ef200000,0x00000000ef200000,0x00000000ef900000)
 ParOldGen       total 25600K, used 9656K [0x00000000c2200000, 0x00000000c3b00000, 0x00000000eb600000)
  object space 25600K, 37% used [0x00000000c2200000,0x00000000c2b6e380,0x00000000c3b00000)
 Metaspace       used 29947K, capacity 30242K, committed 30640K, reserved 1085440K
  class space    used 3520K, capacity 3625K, committed 3760K, reserved 1048576K

Card table byte_map: [0x0000000011b20000,0x0000000011d10000] byte_map_base: 0x000000001150f000

Marking Bits: (ParMarkBitMap*) 0x0000000060854040
 Begin Bits: [0x00000000125d0000, 0x0000000013548000)
 End Bits:   [0x0000000013548000, 0x00000000144c0000)

Polling page: 0x0000000000230000

CodeCache: size=245760Kb used=7203Kb max_used=7254Kb free=238556Kb
 bounds [0x0000000002760000, 0x0000000002e90000, 0x0000000011760000]
 total_blobs=2638 nmethods=2158 adapters=401
 compilation: enabled

Compilation events (10 events):
Event: 62.653 Thread 0x0000000056429800 2422       4       java.io.WinNTFileSystem::resolve (231 bytes)
Event: 62.657 Thread 0x0000000056426000 2423       3       com.sun.jmx.mbeanserver.Introspector::descriptorForElement (20 bytes)
Event: 62.657 Thread 0x0000000056422800 2426       4       java.util.TreeMap::fixAfterInsertion (267 bytes)
Event: 62.657 Thread 0x0000000056426000 nmethod 2423 0x0000000002e72950 code [0x0000000002e72ac0, 0x0000000002e72d38]
Event: 62.658 Thread 0x0000000056426000 2427       3       java.util.TreeMap$PrivateEntryIterator::hasNext (13 bytes)
Event: 62.658 Thread 0x0000000056426000 nmethod 2427 0x0000000002e725d0 code [0x0000000002e72720, 0x0000000002e728d0]
Event: 62.658 Thread 0x0000000056426000 2424       3       java.util.TreeMap$PrivateEntryIterator::nextEntry (54 bytes)
Event: 62.659 Thread 0x0000000056426000 nmethod 2424 0x0000000002a10e90 code [0x0000000002a11040, 0x0000000002a11428]
Event: 62.659 Thread 0x0000000056426000 2425       3       java.util.TreeMap::containsKey (14 bytes)
Event: 62.659 Thread 0x0000000056426000 nmethod 2425 0x0000000002a88010 code [0x0000000002a88180, 0x0000000002a88408]

GC Heap History (10 events):
Event: 62.374 GC heap before
{Heap before GC invocations=25 (full 9):
 PSYoungGen      total 67584K, used 504K [0x00000000eb600000, 0x00000000f0000000, 0x0000000100000000)
  eden space 61440K, 0% used [0x00000000eb600000,0x00000000eb600000,0x00000000ef200000)
  from space 6144K, 8% used [0x00000000efa00000,0x00000000efa7e338,0x00000000f0000000)
  to   space 7168K, 0% used [0x00000000ef200000,0x00000000ef200000,0x00000000ef900000)
 ParOldGen       total 25600K, used 9847K [0x00000000c2200000, 0x00000000c3b00000, 0x00000000eb600000)
  object space 25600K, 38% used [0x00000000c2200000,0x00000000c2b9dfd8,0x00000000c3b00000)
 Metaspace       used 29568K, capacity 29794K, committed 30000K, reserved 1085440K
  class space    used 3464K, capacity 3561K, committed 3632K, reserved 1048576K
Event: 62.419 GC heap after
Heap after GC invocations=25 (full 9):
 PSYoungGen      total 67584K, used 0K [0x00000000eb600000, 0x00000000f0000000, 0x0000000100000000)
  eden space 61440K, 0% used [0x00000000eb600000,0x00000000eb600000,0x00000000ef200000)
  from space 6144K, 0% used [0x00000000efa00000,0x00000000efa00000,0x00000000f0000000)
  to   space 7168K, 0% used [0x00000000ef200000,0x00000000ef200000,0x00000000ef900000)
 ParOldGen       total 25600K, used 9859K [0x00000000c2200000, 0x00000000c3b00000, 0x00000000eb600000)
  object space 25600K, 38% used [0x00000000c2200000,0x00000000c2ba0e20,0x00000000c3b00000)
 Metaspace       used 29568K, capacity 29794K, committed 30000K, reserved 1083392K
  class space    used 3464K, capacity 3561K, committed 3632K, reserved 1048576K
}
Event: 62.420 GC heap before
{Heap before GC invocations=26 (full 9):
 PSYoungGen      total 67584K, used 0K [0x00000000eb600000, 0x00000000f0000000, 0x0000000100000000)
  eden space 61440K, 0% used [0x00000000eb600000,0x00000000eb600000,0x00000000ef200000)
  from space 6144K, 0% used [0x00000000efa00000,0x00000000efa00000,0x00000000f0000000)
  to   space 7168K, 0% used [0x00000000ef200000,0x00000000ef200000,0x00000000ef900000)
 ParOldGen       total 25600K, used 9859K [0x00000000c2200000, 0x00000000c3b00000, 0x00000000eb600000)
  object space 25600K, 38% used [0x00000000c2200000,0x00000000c2ba0e20,0x00000000c3b00000)
 Metaspace       used 29568K, capacity 29794K, committed 30000K, reserved 1087488K
  class space    used 3464K, capacity 3561K, committed 3632K, reserved 1048576K
Event: 62.422 GC heap after
Heap after GC invocations=26 (full 9):
 PSYoungGen      total 68608K, used 0K [0x00000000eb600000, 0x00000000f0000000, 0x0000000100000000)
  eden space 61440K, 0% used [0x00000000eb600000,0x00000000eb600000,0x00000000ef200000)
  from space 7168K, 0% used [0x00000000ef200000,0x00000000ef200000,0x00000000ef900000)
  to   space 6144K, 0% used [0x00000000efa00000,0x00000000efa00000,0x00000000f0000000)
 ParOldGen       total 25600K, used 9859K [0x00000000c2200000, 0x00000000c3b00000, 0x00000000eb600000)
  object space 25600K, 38% used [0x00000000c2200000,0x00000000c2ba0e20,0x00000000c3b00000)
 Metaspace       used 29568K, capacity 29794K, committed 30000K, reserved 1087488K
  class space    used 3464K, capacity 3561K, committed 3632K, reserved 1048576K
}
Event: 62.422 GC heap before
{Heap before GC invocations=27 (full 10):
 PSYoungGen      total 68608K, used 0K [0x00000000eb600000, 0x00000000f0000000, 0x0000000100000000)
  eden space 61440K, 0% used [0x00000000eb600000,0x00000000eb600000,0x00000000ef200000)
  from space 7168K, 0% used [0x00000000ef200000,0x00000000ef200000,0x00000000ef900000)
  to   space 6144K, 0% used [0x00000000efa00000,0x00000000efa00000,0x00000000f0000000)
 ParOldGen       total 25600K, used 9859K [0x00000000c2200000, 0x00000000c3b00000, 0x00000000eb600000)
  object space 25600K, 38% used [0x00000000c2200000,0x00000000c2ba0e20,0x00000000c3b00000)
 Metaspace       used 29568K, capacity 29794K, committed 30000K, reserved 1087488K
  class space    used 3464K, capacity 3561K, committed 3632K, reserved 1048576K
Event: 62.467 GC heap after
Heap after GC invocations=27 (full 10):
 PSYoungGen      total 68608K, used 0K [0x00000000eb600000, 0x00000000f0000000, 0x0000000100000000)
  eden space 61440K, 0% used [0x00000000eb600000,0x00000000eb600000,0x00000000ef200000)
  from space 7168K, 0% used [0x00000000ef200000,0x00000000ef200000,0x00000000ef900000)
  to   space 6144K, 0% used [0x00000000efa00000,0x00000000efa00000,0x00000000f0000000)
 ParOldGen       total 25600K, used 9659K [0x00000000c2200000, 0x00000000c3b00000, 0x00000000eb600000)
  object space 25600K, 37% used [0x00000000c2200000,0x00000000c2b6ed38,0x00000000c3b00000)
 Metaspace       used 29568K, capacity 29794K, committed 30000K, reserved 1083392K
  class space    used 3464K, capacity 3561K, committed 3632K, reserved 1048576K
}
Event: 62.467 GC heap before
{Heap before GC invocations=28 (full 10):
 PSYoungGen      total 68608K, used 0K [0x00000000eb600000, 0x00000000f0000000, 0x0000000100000000)
  eden space 61440K, 0% used [0x00000000eb600000,0x00000000eb600000,0x00000000ef200000)
  from space 7168K, 0% used [0x00000000ef200000,0x00000000ef200000,0x00000000ef900000)
  to   space 6144K, 0% used [0x00000000efa00000,0x00000000efa00000,0x00000000f0000000)
 ParOldGen       total 25600K, used 9659K [0x00000000c2200000, 0x00000000c3b00000, 0x00000000eb600000)
  object space 25600K, 37% used [0x00000000c2200000,0x00000000c2b6ed38,0x00000000c3b00000)
 Metaspace       used 29568K, capacity 29794K, committed 30000K, reserved 1087488K
  class space    used 3464K, capacity 3561K, committed 3632K, reserved 1048576K
Event: 62.469 GC heap after
Heap after GC invocations=28 (full 10):
 PSYoungGen      total 67584K, used 0K [0x00000000eb600000, 0x00000000f0000000, 0x0000000100000000)
  eden space 61440K, 0% used [0x00000000eb600000,0x00000000eb600000,0x00000000ef200000)
  from space 6144K, 0% used [0x00000000efa00000,0x00000000efa00000,0x00000000f0000000)
  to   space 7168K, 0% used [0x00000000ef200000,0x00000000ef200000,0x00000000ef900000)
 ParOldGen       total 25600K, used 9659K [0x00000000c2200000, 0x00000000c3b00000, 0x00000000eb600000)
  object space 25600K, 37% used [0x00000000c2200000,0x00000000c2b6ed38,0x00000000c3b00000)
 Metaspace       used 29568K, capacity 29794K, committed 30000K, reserved 1087488K
  class space    used 3464K, capacity 3561K, committed 3632K, reserved 1048576K
}
Event: 62.469 GC heap before
{Heap before GC invocations=29 (full 11):
 PSYoungGen      total 67584K, used 0K [0x00000000eb600000, 0x00000000f0000000, 0x0000000100000000)
  eden space 61440K, 0% used [0x00000000eb600000,0x00000000eb600000,0x00000000ef200000)
  from space 6144K, 0% used [0x00000000efa00000,0x00000000efa00000,0x00000000f0000000)
  to   space 7168K, 0% used [0x00000000ef200000,0x00000000ef200000,0x00000000ef900000)
 ParOldGen       total 25600K, used 9659K [0x00000000c2200000, 0x00000000c3b00000, 0x00000000eb600000)
  object space 25600K, 37% used [0x00000000c2200000,0x00000000c2b6ed38,0x00000000c3b00000)
 Metaspace       used 29568K, capacity 29794K, committed 30000K, reserved 1087488K
  class space    used 3464K, capacity 3561K, committed 3632K, reserved 1048576K
Event: 62.567 GC heap after
Heap after GC invocations=29 (full 11):
 PSYoungGen      total 67584K, used 0K [0x00000000eb600000, 0x00000000f0000000, 0x0000000100000000)
  eden space 61440K, 0% used [0x00000000eb600000,0x00000000eb600000,0x00000000ef200000)
  from space 6144K, 0% used [0x00000000efa00000,0x00000000efa00000,0x00000000f0000000)
  to   space 7168K, 0% used [0x00000000ef200000,0x00000000ef200000,0x00000000ef900000)
 ParOldGen       total 25600K, used 9656K [0x00000000c2200000, 0x00000000c3b00000, 0x00000000eb600000)
  object space 25600K, 37% used [0x00000000c2200000,0x00000000c2b6e380,0x00000000c3b00000)
 Metaspace       used 29568K, capacity 29794K, committed 30000K, reserved 1083392K
  class space    used 3464K, capacity 3561K, committed 3632K, reserved 1048576K
}

Deoptimization events (10 events):
Event: 56.212 Thread 0x000000000230a800 Uncommon trap: reason=class_check action=maybe_recompile pc=0x0000000002c4c120 method=java.util.regex.Pattern$Curly.match0(Ljava/util/regex/Matcher;IILjava/lang/CharSequence;)Z @ 31
Event: 56.362 Thread 0x0000000058ae2000 Uncommon trap: reason=unstable_if action=reinterpret pc=0x000000000288881c method=java.lang.CharacterDataLatin1.digit(II)I @ 82
Event: 60.280 Thread 0x0000000058ae2000 Uncommon trap: reason=unstable_if action=reinterpret pc=0x00000000029728ec method=ch.qos.logback.classic.spi.EventArgUtil.extractThrowable([Ljava/lang/Object;)Ljava/lang/Throwable; @ 1
Event: 60.375 Thread 0x0000000058ae2000 Uncommon trap: reason=unstable_if action=reinterpret pc=0x0000000002cd1adc method=com.fasterxml.jackson.core.json.ReaderBasedJsonParser._skipWSOrEnd()I @ 43
Event: 60.419 Thread 0x0000000058ae2000 Uncommon trap: reason=unstable_if action=reinterpret pc=0x0000000002a4ab78 method=com.fasterxml.jackson.databind.introspect.AnnotationMap.get(Ljava/lang/Class;)Ljava/lang/annotation/Annotation; @ 4
Event: 60.592 Thread 0x0000000058ae2000 Uncommon trap: reason=class_check action=maybe_recompile pc=0x0000000002a810e4 method=java.util.regex.Pattern$Curly.match0(Ljava/util/regex/Matcher;IILjava/lang/CharSequence;)Z @ 77
Event: 60.592 Thread 0x0000000058ae2000 Uncommon trap: reason=class_check action=maybe_recompile pc=0x0000000002a810e4 method=java.util.regex.Pattern$Curly.match0(Ljava/util/regex/Matcher;IILjava/lang/CharSequence;)Z @ 77
Event: 60.592 Thread 0x0000000058ae2000 Uncommon trap: reason=class_check action=maybe_recompile pc=0x0000000002a2ae34 method=java.util.regex.Pattern$Curly.match0(Ljava/util/regex/Matcher;IILjava/lang/CharSequence;)Z @ 77
Event: 60.747 Thread 0x0000000058ae2000 Uncommon trap: reason=class_check action=maybe_recompile pc=0x000000000296a818 method=java.util.Properties.getProperty(Ljava/lang/String;)Ljava/lang/String; @ 7
Event: 62.185 Thread 0x0000000058ae2000 Uncommon trap: reason=unstable_if action=reinterpret pc=0x0000000002dcc5d8 method=java.lang.Integer.parseInt(Ljava/lang/String;I)I @ 197

Internal exceptions (10 events):
Event: 60.066 Thread 0x0000000058ae2000 Exception <a 'java/net/SocketTimeoutException': Read timed out> (0x00000000ecc4a128) thrown at [C:\re\workspace\8-2-build-windows-amd64-cygwin\jdk8u45\3457\hotspot\src\share\vm\prims\jni.cpp, line 735]
Event: 60.084 Thread 0x0000000058ae2000 Exception <a 'java/net/SocketTimeoutException': Read timed out> (0x00000000ecc683a0) thrown at [C:\re\workspace\8-2-build-windows-amd64-cygwin\jdk8u45\3457\hotspot\src\share\vm\prims\jni.cpp, line 735]
Event: 60.102 Thread 0x0000000058ae2000 Exception <a 'java/net/SocketTimeoutException': Read timed out> (0x00000000ecc86628) thrown at [C:\re\workspace\8-2-build-windows-amd64-cygwin\jdk8u45\3457\hotspot\src\share\vm\prims\jni.cpp, line 735]
Event: 60.116 Thread 0x0000000058ae2000 Exception <a 'java/net/SocketTimeoutException': Read timed out> (0x00000000ecca4810) thrown at [C:\re\workspace\8-2-build-windows-amd64-cygwin\jdk8u45\3457\hotspot\src\share\vm\prims\jni.cpp, line 735]
Event: 60.129 Thread 0x0000000058ae2000 Exception <a 'java/net/SocketTimeoutException': Read timed out> (0x00000000eccc2aa8) thrown at [C:\re\workspace\8-2-build-windows-amd64-cygwin\jdk8u45\3457\hotspot\src\share\vm\prims\jni.cpp, line 735]
Event: 60.222 Thread 0x0000000058ae2000 Exception <a 'java/net/SocketTimeoutException': Read timed out> (0x00000000ecce1ca8) thrown at [C:\re\workspace\8-2-build-windows-amd64-cygwin\jdk8u45\3457\hotspot\src\share\vm\prims\jni.cpp, line 735]
Event: 60.236 Thread 0x0000000058ae2000 Exception <a 'java/net/SocketTimeoutException': Read timed out> (0x00000000eccffe88) thrown at [C:\re\workspace\8-2-build-windows-amd64-cygwin\jdk8u45\3457\hotspot\src\share\vm\prims\jni.cpp, line 735]
Event: 60.249 Thread 0x0000000058ae2000 Exception <a 'java/net/SocketTimeoutException': Read timed out> (0x00000000ecd1e120) thrown at [C:\re\workspace\8-2-build-windows-amd64-cygwin\jdk8u45\3457\hotspot\src\share\vm\prims\jni.cpp, line 735]
Event: 60.262 Thread 0x0000000058ae2000 Exception <a 'java/net/SocketTimeoutException': Read timed out> (0x00000000ecd3c3a0) thrown at [C:\re\workspace\8-2-build-windows-amd64-cygwin\jdk8u45\3457\hotspot\src\share\vm\prims\jni.cpp, line 735]
Event: 60.276 Thread 0x0000000058ae2000 Exception <a 'java/lang/NullPointerException'> (0x00000000ecd57b18) thrown at [C:\re\workspace\8-2-build-windows-amd64-cygwin\jdk8u45\3457\hotspot\src\share\vm\interpreter\linkResolver.cpp, line 1280]

Events (10 events):
Event: 62.658 Thread 0x0000000056426000 flushing nmethod 0x0000000002a10cd0
Event: 62.658 Thread 0x0000000057d20800 Thread added: 0x0000000057d20800
Event: 62.658 Thread 0x0000000056426000 flushing nmethod 0x0000000002a1e650
Event: 62.658 Thread 0x0000000056426000 flushing nmethod 0x0000000002a36750
Event: 62.658 loading class kafka/producer/ProducerTopicStatsRegistry$
Event: 62.658 loading class kafka/producer/ProducerTopicStatsRegistry$ done
Event: 62.659 Thread 0x0000000056426000 flushing nmethod 0x0000000002a88010
Event: 62.659 Thread 0x0000000056426000 flushing nmethod 0x0000000002ac3790
Event: 62.660 loading class kafka/producer/ProducerTopicStatsRegistry$$anonfun$2
Event: 62.660 loading class kafka/producer/ProducerTopicStatsRegistry$$anonfun$2 done


Dynamic libraries:
0x000000013f790000 - 0x000000013f7c7000 	D:\jdk1.8.0_45\bin\java.exe
0x00000000772d0000 - 0x0000000077479000 	C:\Windows\SYSTEM32\ntdll.dll
0x00000000770b0000 - 0x00000000771d0000 	C:\Windows\system32\kernel32.dll
0x000007fefd3b0000 - 0x000007fefd41c000 	C:\Windows\system32\KERNELBASE.dll
0x000007fefd7c0000 - 0x000007fefd89b000 	C:\Windows\system32\ADVAPI32.dll
0x000007feff3d0000 - 0x000007feff46f000 	C:\Windows\system32\msvcrt.dll
0x000007fefe8a0000 - 0x000007fefe8bf000 	C:\Windows\SYSTEM32\sechost.dll
0x000007fefe8c0000 - 0x000007fefe9ed000 	C:\Windows\system32\RPCRT4.dll
0x00000000771d0000 - 0x00000000772ca000 	C:\Windows\system32\USER32.dll
0x000007feff4d0000 - 0x000007feff537000 	C:\Windows\system32\GDI32.dll
0x000007fefd920000 - 0x000007fefd92e000 	C:\Windows\system32\LPK.dll
0x000007fefd440000 - 0x000007fefd50a000 	C:\Windows\system32\USP10.dll
0x000007fefbac0000 - 0x000007fefbcb4000 	C:\Windows\WinSxS\amd64_microsoft.windows.common-controls_6595b64144ccf1df_6.0.7601.18837_none_fa3b1e3d17594757\COMCTL32.dll
0x000007fefd8a0000 - 0x000007fefd911000 	C:\Windows\system32\SHLWAPI.dll
0x000007fefd510000 - 0x000007fefd53e000 	C:\Windows\system32\IMM32.DLL
0x000007fefe740000 - 0x000007fefe849000 	C:\Windows\system32\MSCTF.dll
0x00000000608e0000 - 0x00000000609b2000 	D:\jdk1.8.0_45\jre\bin\msvcr100.dll
0x0000000060050000 - 0x00000000608d3000 	D:\jdk1.8.0_45\jre\bin\server\jvm.dll
0x000007fef8c60000 - 0x000007fef8c69000 	C:\Windows\system32\WSOCK32.dll
0x000007fefe850000 - 0x000007fefe89d000 	C:\Windows\system32\WS2_32.dll
0x000007fefead0000 - 0x000007fefead8000 	C:\Windows\system32\NSI.dll
0x000007fefae60000 - 0x000007fefae9b000 	C:\Windows\system32\WINMM.dll
0x000007fefc150000 - 0x000007fefc15c000 	C:\Windows\system32\VERSION.dll
0x00000000774a0000 - 0x00000000774a7000 	C:\Windows\system32\PSAPI.DLL
0x0000000068180000 - 0x000000006818f000 	D:\jdk1.8.0_45\jre\bin\verify.dll
0x0000000068150000 - 0x0000000068179000 	D:\jdk1.8.0_45\jre\bin\java.dll
0x0000000068110000 - 0x0000000068145000 	D:\jdk1.8.0_45\jre\bin\jdwp.dll
0x0000000068100000 - 0x0000000068108000 	D:\jdk1.8.0_45\jre\bin\npt.dll
0x00000000680e0000 - 0x00000000680f6000 	D:\jdk1.8.0_45\jre\bin\zip.dll
0x000007fefd9b0000 - 0x000007fefe739000 	C:\Windows\system32\SHELL32.dll
0x000007fefeb80000 - 0x000007fefed83000 	C:\Windows\system32\ole32.dll
0x000007fefd090000 - 0x000007fefd09f000 	C:\Windows\system32\profapi.dll
0x0000000057500000 - 0x0000000057509000 	D:\jdk1.8.0_45\jre\bin\dt_socket.dll
0x000007fefc860000 - 0x000007fefc8b5000 	C:\Windows\system32\mswsock.dll
0x000007fefc220000 - 0x000007fefc227000 	C:\Windows\System32\wshtcpip.dll
0x0000000067ce0000 - 0x0000000067cfa000 	D:\jdk1.8.0_45\jre\bin\net.dll
0x000007fefc850000 - 0x000007fefc857000 	C:\Windows\System32\wship6.dll
0x000007fefaed0000 - 0x000007fefaee5000 	C:\Windows\system32\NLAapi.dll
0x000007fef7c50000 - 0x000007fef7c65000 	C:\Windows\system32\napinsp.dll
0x000007fef7c30000 - 0x000007fef7c49000 	C:\Windows\system32\pnrpnsp.dll
0x000007fefc6e0000 - 0x000007fefc73b000 	C:\Windows\system32\DNSAPI.dll
0x000007fef7c20000 - 0x000007fef7c2b000 	C:\Windows\System32\winrnr.dll
0x0000000068d90000 - 0x0000000068db6000 	C:\Program Files\Bonjour\mdnsNSP.dll
0x000007fefa970000 - 0x000007fefa997000 	C:\Windows\system32\Iphlpapi.DLL
0x000007fefa960000 - 0x000007fefa96b000 	C:\Windows\system32\WINNSI.DLL
0x000007fef6f40000 - 0x000007fef6f48000 	C:\Windows\system32\rasadhlp.dll
0x000007fefa7f0000 - 0x000007fefa843000 	C:\Windows\System32\fwpuclnt.dll
0x0000000067cc0000 - 0x0000000067cd1000 	D:\jdk1.8.0_45\jre\bin\nio.dll
0x000007fefc8c0000 - 0x000007fefc8d7000 	C:\Windows\system32\CRYPTSP.dll
0x000007fefc5c0000 - 0x000007fefc607000 	C:\Windows\system32\rsaenh.dll
0x000007fefd160000 - 0x000007fefd17e000 	C:\Windows\system32\USERENV.dll
0x000007fefcf20000 - 0x000007fefcf2f000 	C:\Windows\system32\CRYPTBASE.dll
0x00000000574c0000 - 0x00000000574e4000 	D:\jdk1.8.0_45\jre\bin\sunec.dll
0x00000000574b0000 - 0x00000000574bb000 	D:\jdk1.8.0_45\jre\bin\sunmscapi.dll
0x000007fefd200000 - 0x000007fefd36c000 	C:\Windows\system32\CRYPT32.dll
0x000007fefd080000 - 0x000007fefd08f000 	C:\Windows\system32\MSASN1.dll
0x00000000574f0000 - 0x00000000574fd000 	D:\jdk1.8.0_45\jre\bin\management.dll
0x000007fefa770000 - 0x000007fefa781000 	C:\Windows\system32\dhcpcsvc6.DLL
0x000007fefa750000 - 0x000007fefa768000 	C:\Windows\system32\dhcpcsvc.DLL

VM Arguments:
jvm_args: -agentlib:jdwp=transport=dt_socket,address=127.0.0.1:64732,suspend=y,server=n -Denv=TEST -Dfile.encoding=UTF-8 
java_command: com.sohu.sns.monitor.app.APP
java_class_path (initial): D:\jdk1.8.0_45\jre\lib\charsets.jar;D:\jdk1.8.0_45\jre\lib\deploy.jar;D:\jdk1.8.0_45\jre\lib\ext\access-bridge-64.jar;D:\jdk1.8.0_45\jre\lib\ext\cldrdata.jar;D:\jdk1.8.0_45\jre\lib\ext\dnsns.jar;D:\jdk1.8.0_45\jre\lib\ext\jaccess.jar;D:\jdk1.8.0_45\jre\lib\ext\jfxrt.jar;D:\jdk1.8.0_45\jre\lib\ext\localedata.jar;D:\jdk1.8.0_45\jre\lib\ext\nashorn.jar;D:\jdk1.8.0_45\jre\lib\ext\sunec.jar;D:\jdk1.8.0_45\jre\lib\ext\sunjce_provider.jar;D:\jdk1.8.0_45\jre\lib\ext\sunmscapi.jar;D:\jdk1.8.0_45\jre\lib\ext\sunpkcs11.jar;D:\jdk1.8.0_45\jre\lib\ext\zipfs.jar;D:\jdk1.8.0_45\jre\lib\javaws.jar;D:\jdk1.8.0_45\jre\lib\jce.jar;D:\jdk1.8.0_45\jre\lib\jfr.jar;D:\jdk1.8.0_45\jre\lib\jfxswt.jar;D:\jdk1.8.0_45\jre\lib\jsse.jar;D:\jdk1.8.0_45\jre\lib\management-agent.jar;D:\jdk1.8.0_45\jre\lib\plugin.jar;D:\jdk1.8.0_45\jre\lib\resources.jar;D:\jdk1.8.0_45\jre\lib\rt.jar;F:\IdeaProjects\sns-monitor-server\monitor-app\target\classes;F:\IdeaProjects\sns-monitor-server\redis-monitor\target\classes;F:\maven\repos\com\fasterxml\jackson\core\jackson-annotations\2.4.0\jackson-annotations-2.4.0.jar;F:\maven\repos\com\fasterxml\jackson\core\jackson-core\2.4.0\jackson-core-2.4.0.jar;F:\maven\repos\com\fasterxml\jackson\core\jackson-databind\2.4.0\jackson-databind-2.4.0.jar;F:\maven\repos\org\apache\zookeeper\zookeeper\3.4.8\zookeeper-3.4.8.jar;F:\maven\repos\log4j\log4j\1.2.16\log4j-1.2.16.jar;F:\maven\repos\jline\jline\0.9.94\jline-0.9.94.jar;F:\maven\repos\io\netty\netty\3.7.0.Final\netty-3.7.0.Final.jar;F:\maven\repos\com\sohu\snscommon\db-cluster-common\1.8.0\db-cluster-common-1.8.0.jar;F:\maven\repos\com\101tec\zkclient\0.5\zkclient-0.5.jar;F:\maven\repos\org\springframework\spring-core\4.0.5.RELEASE\spring-core-4.0.5.RELEASE.jar;F:\maven\repos\org\springframework\spring-context-support\4.0.5.RELEASE\spring-context-support-4.0.5.RELEASE.jar;F:\maven\repos\org\springframework\spring-beans\4.0.5.RELEASE\spring-beans-4.0.5.RELEASE.jar;F:\maven\repos\org\springframewo
Launcher Type: SUN_STANDARD

Environment Variables:
JAVA_HOME=D:\jdk1.7.0_67
PATH=C:\Windows\system32;C:\Windows;C:\Windows\System32\Wbem;C:\Windows\System32\WindowsPowerShell\v1.0\;D:\jdk1.7.0_67\bin;C:\Program Files (x86)\Windows Kits\8.1\Windows Performance Toolkit\;C:\Program Files\Microsoft SQL Server\110\Tools\Binn\;C:\Program Files (x86)\Microsoft SDKs\TypeScript\1.0\;F:\mysql-5.5.50-winx64\bin;D:\Program Files (x86)\scala\bin;F:\apache-maven-3.0.4\bin;D:\jdk1.7.0_67;D:\Program Files\Git\cmd;F:\apache-tomcat-7.0.72\lib;F:\apache-tomcat-7.0.72\bin;D:\Program Files\nodejs\;C:\Users\yzh\AppData\Roaming\npm
USERNAME=yzh
OS=Windows_NT
PROCESSOR_IDENTIFIER=Intel64 Family 6 Model 37 Stepping 2, GenuineIntel



---------------  S Y S T E M  ---------------

OS: Windows 7 , 64 bit Build 7601 (6.1.7601.19018)

CPU:total 4 (2 cores per cpu, 2 threads per core) family 6 model 37 stepping 2, cmov, cx8, fxsr, mmx, sse, sse2, sse3, ssse3, sse4.1, sse4.2, popcnt, ht, tsc, tscinvbit

Memory: 4k page, physical 4053864k(672884k free), swap 5100604k(2580k free)

vm_info: Java HotSpot(TM) 64-Bit Server VM (25.45-b02) for windows-amd64 JRE (1.8.0_45-b14), built on Apr 10 2015 10:34:15 by "java_re" with MS VC++ 10.0 (VS2010)

time: Fri Nov 04 18:57:23 2016
elapsed time: 62 seconds (0d 0h 1m 2s)

