#
# There is insufficient memory for the Java Runtime Environment to continue.
# Native memory allocation (malloc) failed to allocate 573696 bytes for Chunk::new
# Possible reasons:
#   The system is out of physical RAM or swap space
#   In 32 bit mode, the process size limit was hit
# Possible solutions:
#   Reduce memory load on the system
#   Increase physical memory or swap space
#   Check if swap backing store is full
#   Use 64 bit Java on a 64 bit OS
#   Decrease Java heap size (-Xmx/-Xms)
#   Decrease number of Java threads
#   Decrease Java thread stack sizes (-Xss)
#   Set larger code cache with -XX:ReservedCodeCacheSize=
# This output file may be truncated or incomplete.
#
#  Out of Memory Error (allocation.cpp:390), pid=13860, tid=13776
#
# JRE version: Java(TM) SE Runtime Environment (8.0_45-b14) (build 1.8.0_45-b14)
# Java VM: Java HotSpot(TM) 64-Bit Server VM (25.45-b02 mixed mode windows-amd64 compressed oops)
# Failed to write core dump. Minidumps are not enabled by default on client versions of Windows
#

---------------  T H R E A D  ---------------

Current thread (0x0000000016288800):  JavaThread "C2 CompilerThread0" daemon [_thread_in_native, id=13776, stack(0x0000000016ea0000,0x0000000016fa0000)]

Stack: [0x0000000016ea0000,0x0000000016fa0000]
Native frames: (J=compiled Java code, j=interpreted, Vv=VM code, C=native code)
V  [jvm.dll+0x32b57a]


Current CompileTask:
C2:   4313 1107       4       java.net.URLStreamHandler::parseURL (1158 bytes)


---------------  P R O C E S S  ---------------

Java Threads: ( => current thread )
  0x000000001631c800 JavaThread "Service Thread" daemon [_thread_blocked, id=14200, stack(0x0000000017560000,0x0000000017660000)]
  0x0000000016286000 JavaThread "C1 CompilerThread2" daemon [_thread_blocked, id=14164, stack(0x00000000172b0000,0x00000000173b0000)]
  0x000000001627e800 JavaThread "C2 CompilerThread1" daemon [_thread_blocked, id=13628, stack(0x00000000170c0000,0x00000000171c0000)]
=>0x0000000016288800 JavaThread "C2 CompilerThread0" daemon [_thread_in_native, id=13776, stack(0x0000000016ea0000,0x0000000016fa0000)]
  0x000000001627c000 JavaThread "JDWP Command Reader" daemon [_thread_in_native, id=13944, stack(0x0000000016cb0000,0x0000000016db0000)]
  0x000000001626d000 JavaThread "JDWP Event Helper Thread" daemon [_thread_blocked, id=13952, stack(0x0000000016b00000,0x0000000016c00000)]
  0x0000000016255800 JavaThread "JDWP Transport Listener: dt_socket" daemon [_thread_blocked, id=13156, stack(0x0000000016850000,0x0000000016950000)]
  0x0000000016254800 JavaThread "Attach Listener" daemon [_thread_blocked, id=12444, stack(0x0000000016960000,0x0000000016a60000)]
  0x00000000150c3800 JavaThread "Signal Dispatcher" daemon [_thread_blocked, id=12276, stack(0x00000000166f0000,0x00000000167f0000)]
  0x000000001506d000 JavaThread "Finalizer" daemon [_thread_blocked, id=13636, stack(0x0000000015ea0000,0x0000000015fa0000)]
  0x0000000015065800 JavaThread "Reference Handler" daemon [_thread_blocked, id=12588, stack(0x0000000016140000,0x0000000016240000)]
  0x00000000022ba800 JavaThread "main" [_thread_in_native, id=10120, stack(0x0000000002720000,0x0000000002820000)]

Other Threads:
  0x000000001505e000 VMThread [stack: 0x0000000015ff0000,0x00000000160f0000] [id=10368]
  0x00000000162c5000 WatcherThread [stack: 0x0000000017740000,0x0000000017840000] [id=13652]

VM state:not at safepoint (normal execution)

VM Mutex/Monitor currently owned by a thread: None

Heap:
 PSYoungGen      total 34304K, used 31801K [0x00000000eb600000, 0x00000000eda00000, 0x0000000100000000)
  eden space 31744K, 92% used [0x00000000eb600000,0x00000000ed294700,0x00000000ed500000)
  from space 2560K, 99% used [0x00000000ed780000,0x00000000ed9fa020,0x00000000eda00000)
  to   space 2560K, 0% used [0x00000000ed500000,0x00000000ed500000,0x00000000ed780000)
 ParOldGen       total 42496K, used 1664K [0x00000000c2200000, 0x00000000c4b80000, 0x00000000eb600000)
  object space 42496K, 3% used [0x00000000c2200000,0x00000000c23a0228,0x00000000c4b80000)
 Metaspace       used 14966K, capacity 15092K, committed 15104K, reserved 1062912K
  class space    used 1758K, capacity 1784K, committed 1792K, reserved 1048576K

Card table byte_map: [0x0000000011be0000,0x0000000011dd0000] byte_map_base: 0x00000000115cf000

Marking Bits: (ParMarkBitMap*) 0x0000000052b04040
 Begin Bits: [0x00000000125f0000, 0x0000000013568000)
 End Bits:   [0x0000000013568000, 0x00000000144e0000)

Polling page: 0x0000000001c60000

CodeCache: size=245760Kb used=4582Kb max_used=4582Kb free=241177Kb
 bounds [0x0000000002820000, 0x0000000002ca0000, 0x0000000011820000]
 total_blobs=1437 nmethods=1118 adapters=240
 compilation: enabled

Compilation events (10 events):
Event: 4.279 Thread 0x0000000016286000 1117       3       sun.reflect.annotation.AnnotationInvocationHandler::invoke (277 bytes)
Event: 4.282 Thread 0x0000000016286000 nmethod 1117 0x0000000002c99d90 code [0x0000000002c9a0a0, 0x0000000002c9b698]
Event: 4.282 Thread 0x0000000016286000 1118       3       java.lang.Class::arrayContentsEq (70 bytes)
Event: 4.283 Thread 0x0000000016286000 nmethod 1118 0x0000000002c9c1d0 code [0x0000000002c9c360, 0x0000000002c9c7b0]
Event: 4.283 Thread 0x0000000016286000 1116       3       java.lang.Class::privateGetDeclaredMethods (67 bytes)
Event: 4.284 Thread 0x0000000016286000 nmethod 1116 0x0000000002c9c910 code [0x0000000002c9cb00, 0x0000000002c9d408]
Event: 4.292 Thread 0x0000000016286000 1119       3       java.util.Collections$EmptyMap::values (4 bytes)
Event: 4.292 Thread 0x0000000016286000 nmethod 1119 0x0000000002c82410 code [0x0000000002c82580, 0x0000000002c82730]
Event: 4.292 Thread 0x0000000016286000 1120       3       java.util.Collections$EmptySet::toArray (11 bytes)
Event: 4.292 Thread 0x0000000016286000 nmethod 1120 0x0000000002c9d7d0 code [0x0000000002c9d940, 0x0000000002c9dc30]

GC Heap History (4 events):
Event: 1.512 GC heap before
{Heap before GC invocations=1 (full 0):
 PSYoungGen      total 18432K, used 15872K [0x00000000eb600000, 0x00000000eca80000, 0x0000000100000000)
  eden space 15872K, 100% used [0x00000000eb600000,0x00000000ec580000,0x00000000ec580000)
  from space 2560K, 0% used [0x00000000ec800000,0x00000000ec800000,0x00000000eca80000)
  to   space 2560K, 0% used [0x00000000ec580000,0x00000000ec580000,0x00000000ec800000)
 ParOldGen       total 42496K, used 0K [0x00000000c2200000, 0x00000000c4b80000, 0x00000000eb600000)
  object space 42496K, 0% used [0x00000000c2200000,0x00000000c2200000,0x00000000c4b80000)
 Metaspace       used 6127K, capacity 6192K, committed 6528K, reserved 1056768K
  class space    used 748K, capacity 784K, committed 896K, reserved 1048576K
Event: 1.560 GC heap after
Heap after GC invocations=1 (full 0):
 PSYoungGen      total 18432K, used 2553K [0x00000000eb600000, 0x00000000eda00000, 0x0000000100000000)
  eden space 15872K, 0% used [0x00000000eb600000,0x00000000eb600000,0x00000000ec580000)
  from space 2560K, 99% used [0x00000000ec580000,0x00000000ec7fe430,0x00000000ec800000)
  to   space 2560K, 0% used [0x00000000ed780000,0x00000000ed780000,0x00000000eda00000)
 ParOldGen       total 42496K, used 199K [0x00000000c2200000, 0x00000000c4b80000, 0x00000000eb600000)
  object space 42496K, 0% used [0x00000000c2200000,0x00000000c2231f40,0x00000000c4b80000)
 Metaspace       used 6127K, capacity 6192K, committed 6528K, reserved 1056768K
  class space    used 748K, capacity 784K, committed 896K, reserved 1048576K
}
Event: 2.557 GC heap before
{Heap before GC invocations=2 (full 0):
 PSYoungGen      total 18432K, used 18425K [0x00000000eb600000, 0x00000000eda00000, 0x0000000100000000)
  eden space 15872K, 100% used [0x00000000eb600000,0x00000000ec580000,0x00000000ec580000)
  from space 2560K, 99% used [0x00000000ec580000,0x00000000ec7fe430,0x00000000ec800000)
  to   space 2560K, 0% used [0x00000000ed780000,0x00000000ed780000,0x00000000eda00000)
 ParOldGen       total 42496K, used 199K [0x00000000c2200000, 0x00000000c4b80000, 0x00000000eb600000)
  object space 42496K, 0% used [0x00000000c2200000,0x00000000c2231f40,0x00000000c4b80000)
 Metaspace       used 10750K, capacity 10952K, committed 11136K, reserved 1058816K
  class space    used 1269K, capacity 1302K, committed 1408K, reserved 1048576K
Event: 2.577 GC heap after
Heap after GC invocations=2 (full 0):
 PSYoungGen      total 34304K, used 2536K [0x00000000eb600000, 0x00000000eda00000, 0x0000000100000000)
  eden space 31744K, 0% used [0x00000000eb600000,0x00000000eb600000,0x00000000ed500000)
  from space 2560K, 99% used [0x00000000ed780000,0x00000000ed9fa020,0x00000000eda00000)
  to   space 2560K, 0% used [0x00000000ed500000,0x00000000ed500000,0x00000000ed780000)
 ParOldGen       total 42496K, used 1664K [0x00000000c2200000, 0x00000000c4b80000, 0x00000000eb600000)
  object space 42496K, 3% used [0x00000000c2200000,0x00000000c23a0228,0x00000000c4b80000)
 Metaspace       used 10750K, capacity 10952K, committed 11136K, reserved 1058816K
  class space    used 1269K, capacity 1302K, committed 1408K, reserved 1048576K
}

Deoptimization events (10 events):
Event: 2.660 Thread 0x00000000022ba800 Uncommon trap: reason=unstable_if action=reinterpret pc=0x0000000002a148ac method=java.lang.String.indexOf([CII[CIII)I @ 3
Event: 3.061 Thread 0x00000000022ba800 Uncommon trap: reason=unstable_if action=reinterpret pc=0x0000000002bf9d04 method=org.springframework.asm.ClassReader.readUTF8(I[C)Ljava/lang/String; @ 7
Event: 3.206 Thread 0x00000000022ba800 Uncommon trap: reason=class_check action=maybe_recompile pc=0x0000000002bf260c method=java.util.HashMap.putVal(ILjava/lang/Object;Ljava/lang/Object;ZZ)Ljava/lang/Object; @ 253
Event: 3.294 Thread 0x00000000022ba800 Uncommon trap: reason=class_check action=maybe_recompile pc=0x0000000002bf260c method=java.util.HashMap.putVal(ILjava/lang/Object;Ljava/lang/Object;ZZ)Ljava/lang/Object; @ 253
Event: 3.295 Thread 0x00000000022ba800 Uncommon trap: reason=class_check action=maybe_recompile pc=0x0000000002bf260c method=java.util.HashMap.putVal(ILjava/lang/Object;Ljava/lang/Object;ZZ)Ljava/lang/Object; @ 253
Event: 3.309 Thread 0x00000000022ba800 Uncommon trap: reason=class_check action=maybe_recompile pc=0x0000000002bf260c method=java.util.HashMap.putVal(ILjava/lang/Object;Ljava/lang/Object;ZZ)Ljava/lang/Object; @ 253
Event: 3.892 Thread 0x00000000022ba800 Uncommon trap: reason=bimorphic action=maybe_recompile pc=0x0000000002c4dc8c method=java.util.HashMap.putVal(ILjava/lang/Object;Ljava/lang/Object;ZZ)Ljava/lang/Object; @ 91
Event: 3.892 Thread 0x00000000022ba800 Uncommon trap: reason=bimorphic action=maybe_recompile pc=0x0000000002c4dc8c method=java.util.HashMap.putVal(ILjava/lang/Object;Ljava/lang/Object;ZZ)Ljava/lang/Object; @ 91
Event: 3.892 Thread 0x00000000022ba800 Uncommon trap: reason=bimorphic action=maybe_recompile pc=0x0000000002c4dc8c method=java.util.HashMap.putVal(ILjava/lang/Object;Ljava/lang/Object;ZZ)Ljava/lang/Object; @ 91
Event: 3.892 Thread 0x00000000022ba800 Uncommon trap: reason=bimorphic action=maybe_recompile pc=0x0000000002c4dc8c method=java.util.HashMap.putVal(ILjava/lang/Object;Ljava/lang/Object;ZZ)Ljava/lang/Object; @ 91

Internal exceptions (10 events):
Event: 3.338 Thread 0x00000000022ba800 Exception <a 'java/lang/ClassNotFoundException': org/springframework/scheduling/annotation/AsyncAnnotationBeanPostProcessorBeanInfo> (0x00000000ec325a08) thrown at [C:\re\workspace\8-2-build-windows-amd64-cygwin\jdk8u45\3457\hotspot\src\share\vm\classfile\
Event: 3.339 Thread 0x00000000022ba800 Exception <a 'java/lang/ClassNotFoundException': org/springframework/aop/framework/AbstractAdvisingBeanPostProcessorBeanInfo> (0x00000000ec3433b8) thrown at [C:\re\workspace\8-2-build-windows-amd64-cygwin\jdk8u45\3457\hotspot\src\share\vm\classfile\systemD≠ÌGÒ∏
@
Event: 3.340 Thread 0x00000000022ba800 Exception <a 'java/lang/ClassNotFoundException': org/springframework/aop/framework/ProxyConfigBeanInfo> (0x00000000ec35a540) thrown at [C:\re\workspace\8-2-build-windows-amd64-cygwin\jdk8u45\3457\hotspot\src\share\vm\classfile\systemDictionary.cpp, line 21NÑw)hª
@
Event: 3.342 Thread 0x00000000022ba800 Exception <a 'java/lang/ClassNotFoundException': org/springframework/aop/framework/ProxyConfigCustomizer> (0x00000000ec371e48) thrown at [C:\re\workspace\8-2-build-windows-amd64-cygwin\jdk8u45\3457\hotspot\src\share\vm\classfile\systemDictionary.cpp, line ãoÚö4¬
@
Event: 3.345 Thread 0x00000000022ba800 Exception <a 'java/lang/ClassNotFoundException': org/springframework/aop/framework/AbstractAdvisingBeanPostProcessorCustomizer> (0x00000000ec39d5f8) thrown at [C:\re\workspace\8-2-build-windows-amd64-cygwin\jdk8u45\3457\hotspot\src\share\vm\classfile\systeY÷oÃ
@
Event: 3.350 Thread 0x00000000022ba800 Exception <a 'java/lang/ClassNotFoundException': org/springframework/scheduling/annotation/AsyncAnnotationBeanPostProcessorCustomizer> (0x00000000ec3c4bc0) thrown at [C:\re\workspace\8-2-build-windows-amd64-cygwin\jdk8u45\3457\hotspot\src\share\vm\classfil~Ê0Öœ@
Event: 3.476 Thread 0x00000000022ba800 Exception <a 'java/lang/ClassNotFoundException': org/springframework/scheduling/annotation/ScheduledAnnotationBeanPostProcessorBeanInfo> (0x00000000ec55a310) thrown at [C:\re\workspace\8-2-build-windows-amd64-cygwin\jdk8u45\3457\hotspot\src\share\vm\classfº_t¨å“@
Event: 3.478 Thread 0x00000000022ba800 Exception <a 'java/lang/ClassNotFoundException': org/springframework/scheduling/annotation/ScheduledAnnotationBeanPostProcessorCustomizer> (0x00000000ec57adf0) thrown at [C:\re\workspace\8-2-build-windows-amd64-cygwin\jdk8u45\3457\hotspot\src\share\vm\clasÃ”
Event: 4.267 Thread 0x00000000022ba800 Exception <a 'java/lang/ClassNotFoundException': com/sohu/sns/monitor/redis/schedule/RedisMonitorScheduleBeanInfo> (0x00000000ed18b5a8) thrown at [C:\re\workspace\8-2-build-windows-amd64-cygwin\jdk8u45\3457\hotspot\src\share\vm\classfile\systemDictionary.c†“1íw@
Event: 4.268 Thread 0x00000000022ba800 Exception <a 'java/lang/ClassNotFoundException': com/sohu/sns/monitor/redis/schedule/RedisMonitorScheduleCustomizer> (0x00000000ed1a5230) thrown at [C:\re\workspace\8-2-build-windows-amd64-cygwin\jdk8u45\3457\hotspot\src\share\vm\classfile\systemDictionaryº¿Ukù≥
@

Events (10 events):
Event: 4.288 Thread 0x00000000022ba800 DEOPT PACKING pc=0x00000000029d5234 sp=0x000000000281dab0
Event: 4.288 Thread 0x00000000022ba800 DEOPT UNPACKING pc=0x000000000286747f sp=0x000000000281d8d0 mode 1
Event: 4.290 loading class com/sohu/sns/monitor/redis/model/RedisInfo
Event: 4.290 loading class com/sohu/sns/monitor/redis/model/RedisInfo done
Event: 4.290 Thread 0x00000000022ba800 DEOPT PACKING pc=0x00000000029f6871 sp=0x000000000281df30
Event: 4.290 Thread 0x00000000022ba800 DEOPT UNPACKING pc=0x000000000286747f sp=0x000000000281dc80 mode 1
Event: 4.290 Thread 0x00000000022ba800 DEOPT PACKING pc=0x00000000029d549c sp=0x000000000281dfb0
Event: 4.290 Thread 0x00000000022ba800 DEOPT UNPACKING pc=0x000000000286747f sp=0x000000000281ddd0 mode 1
Event: 4.290 Thread 0x00000000022ba800 DEOPT PACKING pc=0x00000000029d5234 sp=0x000000000281e140
Event: 4.290 Thread 0x00000000022ba800 DEOPT UNPACKING pc=0x000000000286747f sp=0x000000000281df60 mode 1


Dynamic libraries:
0x000000013fbc0000 - 0x000000013fbf7000 	D:\jdk1.8.0_45\bin\java.exe
0x00000000771a0000 - 0x0000000077349000 	C:\Windows\SYSTEM32\ntdll.dll
0x0000000077080000 - 0x00000000771a0000 	C:\Windows\system32\kernel32.dll
0x000007fefd290000 - 0x000007fefd2fc000 	C:\Windows\system32\KERNELBASE.dll
0x000007fefe3f0000 - 0x000007fefe4cb000 	C:\Windows\system32\ADVAPI32.dll
0x000007fefe780000 - 0x000007fefe81f000 	C:\Windows\system32\msvcrt.dll
0x000007fefd310000 - 0x000007fefd32f000 	C:\Windows\SYSTEM32\sechost.dll
0x000007fefebb0000 - 0x000007fefecdd000 	C:\Windows\system32\RPCRT4.dll
0x0000000076f80000 - 0x000000007707a000 	C:\Windows\system32\USER32.dll
0x000007fefe4d0000 - 0x000007fefe537000 	C:\Windows\system32\GDI32.dll
0x000007fefe540000 - 0x000007fefe54e000 	C:\Windows\system32\LPK.dll
0x000007fefea60000 - 0x000007fefeb2a000 	C:\Windows\system32\USP10.dll
0x000007fefb990000 - 0x000007fefbb84000 	C:\Windows\WinSxS\amd64_microsoft.windows.common-controls_6595b64144ccf1df_6.0.7601.18837_none_fa3b1e3d17594757\COMCTL32.dll
0x000007fefeef0000 - 0x000007fefef61000 	C:\Windows\system32\SHLWAPI.dll
0x000007feff480000 - 0x000007feff4ae000 	C:\Windows\system32\IMM32.DLL
0x000007fefef70000 - 0x000007feff079000 	C:\Windows\system32\MSCTF.dll
0x00000000598e0000 - 0x00000000599b2000 	D:\jdk1.8.0_45\jre\bin\msvcr100.dll
0x0000000052300000 - 0x0000000052b83000 	D:\jdk1.8.0_45\jre\bin\server\jvm.dll
0x000007fef8b30000 - 0x000007fef8b39000 	C:\Windows\system32\WSOCK32.dll
0x000007fefd600000 - 0x000007fefd64d000 	C:\Windows\system32\WS2_32.dll
0x000007fefe3e0000 - 0x000007fefe3e8000 	C:\Windows\system32\NSI.dll
0x000007fefac90000 - 0x000007fefaccb000 	C:\Windows\system32\WINMM.dll
0x000007fefc020000 - 0x000007fefc02c000 	C:\Windows\system32\VERSION.dll
0x0000000077360000 - 0x0000000077367000 	C:\Windows\system32\PSAPI.DLL
0x00000000640c0000 - 0x00000000640cf000 	D:\jdk1.8.0_45\jre\bin\verify.dll
0x0000000064090000 - 0x00000000640b9000 	D:\jdk1.8.0_45\jre\bin\java.dll
0x00000000554d0000 - 0x0000000055505000 	D:\jdk1.8.0_45\jre\bin\jdwp.dll
0x0000000060690000 - 0x0000000060698000 	D:\jdk1.8.0_45\jre\bin\npt.dll
0x00000000606e0000 - 0x00000000606f6000 	D:\jdk1.8.0_45\jre\bin\zip.dll
0x000007fefd650000 - 0x000007fefe3d9000 	C:\Windows\system32\SHELL32.dll
0x000007fefece0000 - 0x000007fefeee3000 	C:\Windows\system32\ole32.dll
0x000007fefcf60000 - 0x000007fefcf6f000 	C:\Windows\system32\profapi.dll
0x0000000059b60000 - 0x0000000059b69000 	D:\jdk1.8.0_45\jre\bin\dt_socket.dll
0x000007fefc730000 - 0x000007fefc785000 	C:\Windows\system32\mswsock.dll
0x000007fefc0f0000 - 0x000007fefc0f7000 	C:\Windows\System32\wshtcpip.dll
0x0000000057ef0000 - 0x0000000057f0a000 	D:\jdk1.8.0_45\jre\bin\net.dll
0x000007fefc720000 - 0x000007fefc727000 	C:\Windows\System32\wship6.dll
0x000007fefb0d0000 - 0x000007fefb0e5000 	C:\Windows\system32\NLAapi.dll
0x000007fef7b90000 - 0x000007fef7ba5000 	C:\Windows\system32\napinsp.dll
0x000007fef7b30000 - 0x000007fef7b49000 	C:\Windows\system32\pnrpnsp.dll
0x000007fefc5b0000 - 0x000007fefc60b000 	C:\Windows\system32\DNSAPI.dll
0x000007fef7af0000 - 0x000007fef7afb000 	C:\Windows\System32\winrnr.dll
0x0000000068c60000 - 0x0000000068c86000 	C:\Program Files\Bonjour\mdnsNSP.dll
0x000007fefa840000 - 0x000007fefa867000 	C:\Windows\system32\Iphlpapi.DLL
0x000007fefa830000 - 0x000007fefa83b000 	C:\Windows\system32\WINNSI.DLL
0x000007fef6d50000 - 0x000007fef6d58000 	C:\Windows\system32\rasadhlp.dll
0x000007fefa6e0000 - 0x000007fefa733000 	C:\Windows\System32\fwpuclnt.dll
0x000007fef7c70000 - 0x000007fef7d95000 	C:\Windows\system32\dbghelp.dll

VM Arguments:
jvm_args: -agentlib:jdwp=transport=dt_socket,address=127.0.0.1:26647,suspend=y,server=n -Denv=TEST -Dfile.encoding=UTF-8 
java_command: com.sohu.sns.monitor.app.APP
java_class_path (initial): D:\jdk1.8.0_45\jre\lib\charsets.jar;D:\jdk1.8.0_45\jre\lib\deploy.jar;D:\jdk1.8.0_45\jre\lib\ext\access-bridge-64.jar;D:\jdk1.8.0_45\jre\lib\ext\cldrdata.jar;D:\jdk1.8.0_45\jre\lib\ext\dnsns.jar;D:\jdk1.8.0_45\jre\lib\ext\jaccess.jar;D:\jdk1.8.0_45\jre\lib\ext\jfxrt.jar;D:\jdk1.8.0_45\jre\lib\ext\localedata.jar;D:\jdk1.8.0_45\jre\lib\ext\nashorn.jar;D:\jdk1.8.0_45\jre\lib\ext\sunec.jar;D:\jdk1.8.0_45\jre\lib\ext\sunjce_provider.jar;D:\jdk1.8.0_45\jre\lib\ext\sunmscapi.jar;D:\jdk1.8.0_45\jre\lib\ext\sunpkcs11.jar;D:\jdk1.8.0_45\jre\lib\ext\zipfs.jar;D:\jdk1.8.0_45\jre\lib\javaws.jar;D:\jdk1.8.0_45\jre\lib\jce.jar;D:\jdk1.8.0_45\jre\lib\jfr.jar;D:\jdk1.8.0_45\jre\lib\jfxswt.jar;D:\jdk1.8.0_45\jre\lib\jsse.jar;D:\jdk1.8.0_45\jre\lib\management-agent.jar;D:\jdk1.8.0_45\jre\lib\plugin.jar;D:\jdk1.8.0_45\jre\lib\resources.jar;D:\jdk1.8.0_45\jre\lib\rt.jar;F:\IdeaProjects\sns-monitor-server\monitor-app\target\classes;F:\IdeaProjects\sns-monitor-server\redis-monitor\target\classes;F:\maven\repos\com\fasterxml\jackson\core\jackson-annotations\2.4.0\jackson-annotations-2.4.0.jar;F:\maven\repos\com\fasterxml\jackson\core\jackson-core\2.4.0\jackson-core-2.4.0.jar;F:\maven\repos\com\fasterxml\jackson\core\jackson-databind\2.4.0\jackson-databind-2.4.0.jar;F:\maven\repos\org\apache\zookeeper\zookeeper\3.4.8\zookeeper-3.4.8.jar;F:\maven\repos\log4j\log4j\1.2.16\log4j-1.2.16.jar;F:\maven\repos\jline\jline\0.9.94\jline-0.9.94.jar;F:\maven\repos\io\netty\netty\3.7.0.Final\netty-3.7.0.Final.jar;F:\maven\repos\com\sohu\snscommon\db-cluster-common\1.8.0\db-cluster-common-1.8.0.jar;F:\maven\repos\com\101tec\zkclient\0.5\zkclient-0.5.jar;F:\maven\repos\org\springframework\spring-core\4.0.5.RELEASE\spring-core-4.0.5.RELEASE.jar;F:\maven\repos\org\springframework\spring-context-support\4.0.5.RELEASE\spring-context-support-4.0.5.RELEASE.jar;F:\maven\repos\org\springframework\spring-beans\4.0.5.RELEASE\spring-beans-4.0.5.RELEASE.jar;F:\maven\repos\org\springframewo
Launcher Type: SUN_STANDARD

Environment Variables:
JAVA_HOME=D:\jdk1.7.0_67
PATH=C:\Windows\system32;C:\Windows;C:\Windows\System32\Wbem;C:\Windows\System32\WindowsPowerShell\v1.0\;D:\jdk1.7.0_67\bin;C:\Program Files (x86)\Windows Kits\8.1\Windows Performance Toolkit\;C:\Program Files\Microsoft SQL Server\110\Tools\Binn\;C:\Program Files (x86)\Microsoft SDKs\TypeScript\1.0\;F:\mysql-5.5.50-winx64\bin;D:\Program Files (x86)\scala\bin;F:\apache-maven-3.0.4\bin;D:\jdk1.7.0_67;D:\Program Files\Git\cmd;F:\apache-tomcat-7.0.72\lib;F:\apache-tomcat-7.0.72\bin;D:\Program Files\nodejs\;C:\Users\yzh\AppData\Roaming\npm
USERNAME=yzh
OS=Windows_NT
PROCESSOR_IDENTIFIER=Intel64 Family 6 Model 37 Stepping 2, GenuineIntel



---------------  S Y S T E M  ---------------

OS: Windows 7 , 64 bit Build 7601 (6.1.7601.19018)

CPU:total 4 (2 cores per cpu, 2 threads per core) family 6 model 37 stepping 2, cmov, cx8, fxsr, mmx, sse, sse2, sse3, ssse3, sse4.1, sse4.2, popcnt, ht, tsc, tscinvbit

Memory: 4k page, physical 4053864k(715416k free), swap 5100604k(5092k free)

vm_info: Java HotSpot(TM) 64-Bit Server VM (25.45-b02) for windows-amd64 JRE (1.8.0_45-b14), built on Apr 10 2015 10:34:15 by "java_re" with MS VC++ 10.0 (VS2010)

time: Mon Nov 07 16:51:47 2016
elapsed time: 4 seconds (0d 0h 0m 4s)

